<?xml version="1.0" encoding="UTF-8"?>
<!-- Generated by org.testng.reporters.JUnitReportReporter -->
<testsuite skipped="0" hostname="fred" name="test.FillForm" tests="4" failures="0" timestamp="18 Jul 2019 06:55:55 GMT" time="18.910" errors="0">
  <testcase name="OpenBrowser" time="16.179" classname="test.FillForm"/>
  <testcase name="VerifyHomepageTitle" time="0.056" classname="test.FillForm"/>
  <testcase name="FillForms" time="2.597" classname="test.FillForm"/>
  <testcase name="VerifySuccessMessage" time="0.078" classname="test.FillForm"/>
</testsuite> <!-- test.FillForm -->
